  MyForm.cpp
C:\Users\black\OneDrive\Masaüstü\MyProject\MyProject\MyProject\MyForm.h(530,14): warning C4244: 'bağımsız değişken': 'time_t' - 'unsigned int' dönüşümü; veri kaybı olabilir
C:\Users\black\OneDrive\Masaüstü\MyProject\MyProject\MyProject\MyForm.h(798,14): warning C4244: 'bağımsız değişken': 'time_t' - 'unsigned int' dönüşümü; veri kaybı olabilir
C:\Users\black\OneDrive\Masaüstü\MyProject\MyProject\MyProject\MyForm.h(830,92): warning C4244: 'bağımsız değişken': 'double' - 'int' dönüşümü; veri kaybı olabilir
C:\Users\black\OneDrive\Masaüstü\MyProject\MyProject\MyProject\MyForm.h(831,82): warning C4244: 'bağımsız değişken': 'double' - 'int' dönüşümü; veri kaybı olabilir
C:\Users\black\OneDrive\Masaüstü\MyProject\MyProject\MyProject\MyForm.h(836,92): warning C4244: 'bağımsız değişken': 'double' - 'int' dönüşümü; veri kaybı olabilir
C:\Users\black\OneDrive\Masaüstü\MyProject\MyProject\MyProject\MyForm.h(837,82): warning C4244: 'bağımsız değişken': 'double' - 'int' dönüşümü; veri kaybı olabilir
C:\Users\black\OneDrive\Masaüstü\MyProject\MyProject\MyProject\MyForm.h(914,92): warning C4244: 'bağımsız değişken': 'double' - 'int' dönüşümü; veri kaybı olabilir
C:\Users\black\OneDrive\Masaüstü\MyProject\MyProject\MyProject\MyForm.h(915,82): warning C4244: 'bağımsız değişken': 'double' - 'int' dönüşümü; veri kaybı olabilir
C:\Users\black\OneDrive\Masaüstü\MyProject\MyProject\MyProject\MyForm.h(920,92): warning C4244: 'bağımsız değişken': 'double' - 'int' dönüşümü; veri kaybı olabilir
C:\Users\black\OneDrive\Masaüstü\MyProject\MyProject\MyProject\MyForm.h(921,82): warning C4244: 'bağımsız değişken': 'double' - 'int' dönüşümü; veri kaybı olabilir
C:\Users\black\OneDrive\Masaüstü\MyProject\MyProject\MyProject\MyForm.h(926,92): warning C4244: 'bağımsız değişken': 'double' - 'int' dönüşümü; veri kaybı olabilir
C:\Users\black\OneDrive\Masaüstü\MyProject\MyProject\MyProject\MyForm.h(927,82): warning C4244: 'bağımsız değişken': 'double' - 'int' dönüşümü; veri kaybı olabilir
C:\Users\black\OneDrive\Masaüstü\MyProject\MyProject\MyProject\MyForm.h(1023,92): warning C4244: 'bağımsız değişken': 'double' - 'int' dönüşümü; veri kaybı olabilir
C:\Users\black\OneDrive\Masaüstü\MyProject\MyProject\MyProject\MyForm.h(1024,82): warning C4244: 'bağımsız değişken': 'double' - 'int' dönüşümü; veri kaybı olabilir
C:\Users\black\OneDrive\Masaüstü\MyProject\MyProject\MyProject\MyForm.h(1029,92): warning C4244: 'bağımsız değişken': 'double' - 'int' dönüşümü; veri kaybı olabilir
C:\Users\black\OneDrive\Masaüstü\MyProject\MyProject\MyProject\MyForm.h(1030,82): warning C4244: 'bağımsız değişken': 'double' - 'int' dönüşümü; veri kaybı olabilir
C:\Users\black\OneDrive\Masaüstü\MyProject\MyProject\MyProject\MyForm.h(1035,92): warning C4244: 'bağımsız değişken': 'double' - 'int' dönüşümü; veri kaybı olabilir
C:\Users\black\OneDrive\Masaüstü\MyProject\MyProject\MyProject\MyForm.h(1036,82): warning C4244: 'bağımsız değişken': 'double' - 'int' dönüşümü; veri kaybı olabilir
C:\Users\black\OneDrive\Masaüstü\MyProject\MyProject\MyProject\MyForm.h(1041,92): warning C4244: 'bağımsız değişken': 'double' - 'int' dönüşümü; veri kaybı olabilir
C:\Users\black\OneDrive\Masaüstü\MyProject\MyProject\MyProject\MyForm.h(1042,82): warning C4244: 'bağımsız değişken': 'double' - 'int' dönüşümü; veri kaybı olabilir
C:\Users\black\OneDrive\Masaüstü\MyProject\MyProject\MyProject\MyForm.cpp(10,1): warning C4829: Ana işlev için hatalı olabilecek parametreler. 'int main(Platform::Array<Platform::String^>^ argv)' kullanmayı düşünün
  MyForm.obj : MSIL modülü ile karşılaşıldı; MSIL için artımlı bağlama devre dışı bırakıldı; tam bağlantı gerçekleştiriliyor
  MyProject.vcxproj -> C:\Users\black\OneDrive\Masaüstü\MyProject\MyProject\Debug\MyProject.exe
